nohup: ignoring input
NOTICE: the --polish argument is set ON automatically (use --nopolish to change this behavior)

NOTICE: Running with system command <convert2annovar.pl  -includeinfo -allsample -withfreq -format vcf4 PT1_filter.vcf > PT1.avinput>
NOTICE: Finished reading 1587 lines from VCF file
NOTICE: A total of 1322 locus in VCF file passed QC threshold, representing 1206 SNPs (82 transitions and 1124 transversions) and 116 indels/substitutions
NOTICE: Finished writing allele frequencies based on 2412 SNP genotypes (164 transitions and 2248 transversions) and 232 indels/substitutions for 2 samples

NOTICE: Running with system command </storage/zhangyanxiaoLab/zhangliwen/src/annovar/table_annovar.pl PT1.avinput /storage/zhangyanxiaoLab/zhangliwen/genome/humandb/ -buildver hg38 -outfile PT1 -remove -protocol refGene,knownGene,clinvar_20170905 -operation g,g,f -nastring . -otherinfo>
NOTICE: the --polish argument is set ON automatically (use --nopolish to change this behavior)
-----------------------------------------------------------------
NOTICE: Processing operation=g protocol=refGene

NOTICE: Running with system command <annotate_variation.pl -geneanno -buildver hg38 -dbtype refGene -outfile PT1.refGene -exonsort -nofirstcodondel PT1.avinput /storage/zhangyanxiaoLab/zhangliwen/genome/humandb/>
NOTICE: Output files are written to PT1.refGene.variant_function, PT1.refGene.exonic_variant_function
NOTICE: Reading gene annotation from /storage/zhangyanxiaoLab/zhangliwen/genome/humandb/hg38_refGene.txt ... Done with 82500 transcripts (including 20366 without coding sequence annotation) for 28265 unique genes
NOTICE: Processing next batch with 1322 unique variants in 1322 input lines
NOTICE: Reading FASTA sequences from /storage/zhangyanxiaoLab/zhangliwen/genome/humandb/hg38_refGeneMrna.fa ... Done with 2767 sequences
WARNING: A total of 591 sequences will be ignored due to lack of correct ORF annotation

NOTICE: Running with system command <coding_change.pl  PT1.refGene.exonic_variant_function.orig /storage/zhangyanxiaoLab/zhangliwen/genome/humandb//hg38_refGene.txt /storage/zhangyanxiaoLab/zhangliwen/genome/humandb//hg38_refGeneMrna.fa -alltranscript -out PT1.refGene.fa -newevf PT1.refGene.exonic_variant_function>
Warning: 1 transcripts are flagged as having potential ORF issues (premature stopcodon or lack of stop codon)
-----------------------------------------------------------------
NOTICE: Processing operation=g protocol=knownGene

NOTICE: Running with system command <annotate_variation.pl -geneanno -buildver hg38 -dbtype knownGene -outfile PT1.knownGene -exonsort -nofirstcodondel PT1.avinput /storage/zhangyanxiaoLab/zhangliwen/genome/humandb/>
NOTICE: Output files are written to PT1.knownGene.variant_function, PT1.knownGene.exonic_variant_function
NOTICE: Reading gene annotation from /storage/zhangyanxiaoLab/zhangliwen/genome/humandb/hg38_knownGene.txt ... Done with 272352 transcripts (including 151878 without coding sequence annotation) for 100560 unique genes
NOTICE: Processing next batch with 1322 unique variants in 1322 input lines
NOTICE: Reading FASTA sequences from /storage/zhangyanxiaoLab/zhangliwen/genome/humandb/hg38_knownGeneMrna.fa ... Done with 3760 sequences
WARNING: A total of 8646 sequences will be ignored due to lack of correct ORF annotation

NOTICE: Running with system command <coding_change.pl  PT1.knownGene.exonic_variant_function.orig /storage/zhangyanxiaoLab/zhangliwen/genome/humandb//hg38_knownGene.txt /storage/zhangyanxiaoLab/zhangliwen/genome/humandb//hg38_knownGeneMrna.fa -alltranscript -out PT1.knownGene.fa -newevf PT1.knownGene.exonic_variant_function>
-----------------------------------------------------------------
NOTICE: Processing operation=f protocol=clinvar_20170905
NOTICE: Finished reading 5 column headers for '-dbtype clinvar_20170905'

NOTICE: Running system command <annotate_variation.pl -filter -dbtype clinvar_20170905 -buildver hg38 -outfile PT1 PT1.avinput /storage/zhangyanxiaoLab/zhangliwen/genome/humandb/ -otherinfo>
NOTICE: the --dbtype clinvar_20170905 is assumed to be in generic ANNOVAR database format
NOTICE: Output file with variants matching filtering criteria is written to PT1.hg38_clinvar_20170905_dropped, and output file with other variants is written to PT1.hg38_clinvar_20170905_filtered
NOTICE: Processing next batch with 1322 unique variants in 1322 input lines
NOTICE: Database index loaded. Total number of bins is 40044 and the number of bins to be scanned is 238
NOTICE: Scanning filter database /storage/zhangyanxiaoLab/zhangliwen/genome/humandb/hg38_clinvar_20170905.txt...Done
-----------------------------------------------------------------
NOTICE: Multianno output file is written to PT1.hg38_multianno.txt
NOTICE: Reading from PT1.hg38_multianno.txt
-----------------------------------------------------------------
NOTICE: VCF output is written to PT1.hg38_multianno.vcf
NOTICE: the --polish argument is set ON automatically (use --nopolish to change this behavior)

NOTICE: Running with system command <convert2annovar.pl  -includeinfo -allsample -withfreq -format vcf4 PT2_filter.vcf > PT2.avinput>
NOTICE: Finished reading 2446 lines from VCF file
NOTICE: A total of 2181 locus in VCF file passed QC threshold, representing 1613 SNPs (129 transitions and 1484 transversions) and 568 indels/substitutions
NOTICE: Finished writing allele frequencies based on 3226 SNP genotypes (258 transitions and 2968 transversions) and 1136 indels/substitutions for 2 samples

NOTICE: Running with system command </storage/zhangyanxiaoLab/zhangliwen/src/annovar/table_annovar.pl PT2.avinput /storage/zhangyanxiaoLab/zhangliwen/genome/humandb/ -buildver hg38 -outfile PT2 -remove -protocol refGene,knownGene,clinvar_20170905 -operation g,g,f -nastring . -otherinfo>
NOTICE: the --polish argument is set ON automatically (use --nopolish to change this behavior)
-----------------------------------------------------------------
NOTICE: Processing operation=g protocol=refGene

NOTICE: Running with system command <annotate_variation.pl -geneanno -buildver hg38 -dbtype refGene -outfile PT2.refGene -exonsort -nofirstcodondel PT2.avinput /storage/zhangyanxiaoLab/zhangliwen/genome/humandb/>
NOTICE: Output files are written to PT2.refGene.variant_function, PT2.refGene.exonic_variant_function
NOTICE: Reading gene annotation from /storage/zhangyanxiaoLab/zhangliwen/genome/humandb/hg38_refGene.txt ... Done with 82500 transcripts (including 20366 without coding sequence annotation) for 28265 unique genes
NOTICE: Processing next batch with 2181 unique variants in 2181 input lines
NOTICE: Reading FASTA sequences from /storage/zhangyanxiaoLab/zhangliwen/genome/humandb/hg38_refGeneMrna.fa ... Done with 3185 sequences
WARNING: A total of 591 sequences will be ignored due to lack of correct ORF annotation

NOTICE: Running with system command <coding_change.pl  PT2.refGene.exonic_variant_function.orig /storage/zhangyanxiaoLab/zhangliwen/genome/humandb//hg38_refGene.txt /storage/zhangyanxiaoLab/zhangliwen/genome/humandb//hg38_refGeneMrna.fa -alltranscript -out PT2.refGene.fa -newevf PT2.refGene.exonic_variant_function>
-----------------------------------------------------------------
NOTICE: Processing operation=g protocol=knownGene

NOTICE: Running with system command <annotate_variation.pl -geneanno -buildver hg38 -dbtype knownGene -outfile PT2.knownGene -exonsort -nofirstcodondel PT2.avinput /storage/zhangyanxiaoLab/zhangliwen/genome/humandb/>
NOTICE: Output files are written to PT2.knownGene.variant_function, PT2.knownGene.exonic_variant_function
NOTICE: Reading gene annotation from /storage/zhangyanxiaoLab/zhangliwen/genome/humandb/hg38_knownGene.txt ... Done with 272352 transcripts (including 151878 without coding sequence annotation) for 100560 unique genes
NOTICE: Processing next batch with 2181 unique variants in 2181 input lines
NOTICE: Reading FASTA sequences from /storage/zhangyanxiaoLab/zhangliwen/genome/humandb/hg38_knownGeneMrna.fa ... Done with 4718 sequences
WARNING: A total of 8646 sequences will be ignored due to lack of correct ORF annotation

NOTICE: Running with system command <coding_change.pl  PT2.knownGene.exonic_variant_function.orig /storage/zhangyanxiaoLab/zhangliwen/genome/humandb//hg38_knownGene.txt /storage/zhangyanxiaoLab/zhangliwen/genome/humandb//hg38_knownGeneMrna.fa -alltranscript -out PT2.knownGene.fa -newevf PT2.knownGene.exonic_variant_function>
-----------------------------------------------------------------
NOTICE: Processing operation=f protocol=clinvar_20170905
NOTICE: Finished reading 5 column headers for '-dbtype clinvar_20170905'

NOTICE: Running system command <annotate_variation.pl -filter -dbtype clinvar_20170905 -buildver hg38 -outfile PT2 PT2.avinput /storage/zhangyanxiaoLab/zhangliwen/genome/humandb/ -otherinfo>
NOTICE: the --dbtype clinvar_20170905 is assumed to be in generic ANNOVAR database format
NOTICE: Output file with variants matching filtering criteria is written to PT2.hg38_clinvar_20170905_dropped, and output file with other variants is written to PT2.hg38_clinvar_20170905_filtered
NOTICE: Processing next batch with 2181 unique variants in 2181 input lines
NOTICE: Database index loaded. Total number of bins is 40044 and the number of bins to be scanned is 350
NOTICE: Scanning filter database /storage/zhangyanxiaoLab/zhangliwen/genome/humandb/hg38_clinvar_20170905.txt...Done
-----------------------------------------------------------------
NOTICE: Multianno output file is written to PT2.hg38_multianno.txt
NOTICE: Reading from PT2.hg38_multianno.txt
-----------------------------------------------------------------
NOTICE: VCF output is written to PT2.hg38_multianno.vcf
NOTICE: the --polish argument is set ON automatically (use --nopolish to change this behavior)

NOTICE: Running with system command <convert2annovar.pl  -includeinfo -allsample -withfreq -format vcf4 PT3_filter.vcf > PT3.avinput>
NOTICE: Finished reading 3138 lines from VCF file
NOTICE: A total of 2873 locus in VCF file passed QC threshold, representing 2822 SNPs (78 transitions and 2744 transversions) and 51 indels/substitutions
NOTICE: Finished writing allele frequencies based on 5644 SNP genotypes (156 transitions and 5488 transversions) and 102 indels/substitutions for 2 samples

NOTICE: Running with system command </storage/zhangyanxiaoLab/zhangliwen/src/annovar/table_annovar.pl PT3.avinput /storage/zhangyanxiaoLab/zhangliwen/genome/humandb/ -buildver hg38 -outfile PT3 -remove -protocol refGene,knownGene,clinvar_20170905 -operation g,g,f -nastring . -otherinfo>
NOTICE: the --polish argument is set ON automatically (use --nopolish to change this behavior)
-----------------------------------------------------------------
NOTICE: Processing operation=g protocol=refGene

NOTICE: Running with system command <annotate_variation.pl -geneanno -buildver hg38 -dbtype refGene -outfile PT3.refGene -exonsort -nofirstcodondel PT3.avinput /storage/zhangyanxiaoLab/zhangliwen/genome/humandb/>
NOTICE: Output files are written to PT3.refGene.variant_function, PT3.refGene.exonic_variant_function
NOTICE: Reading gene annotation from /storage/zhangyanxiaoLab/zhangliwen/genome/humandb/hg38_refGene.txt ... Done with 82500 transcripts (including 20366 without coding sequence annotation) for 28265 unique genes
NOTICE: Processing next batch with 2873 unique variants in 2873 input lines
NOTICE: Reading FASTA sequences from /storage/zhangyanxiaoLab/zhangliwen/genome/humandb/hg38_refGeneMrna.fa ... Done with 5478 sequences
WARNING: A total of 591 sequences will be ignored due to lack of correct ORF annotation

NOTICE: Running with system command <coding_change.pl  PT3.refGene.exonic_variant_function.orig /storage/zhangyanxiaoLab/zhangliwen/genome/humandb//hg38_refGene.txt /storage/zhangyanxiaoLab/zhangliwen/genome/humandb//hg38_refGeneMrna.fa -alltranscript -out PT3.refGene.fa -newevf PT3.refGene.exonic_variant_function>
-----------------------------------------------------------------
NOTICE: Processing operation=g protocol=knownGene

NOTICE: Running with system command <annotate_variation.pl -geneanno -buildver hg38 -dbtype knownGene -outfile PT3.knownGene -exonsort -nofirstcodondel PT3.avinput /storage/zhangyanxiaoLab/zhangliwen/genome/humandb/>
NOTICE: Output files are written to PT3.knownGene.variant_function, PT3.knownGene.exonic_variant_function
NOTICE: Reading gene annotation from /storage/zhangyanxiaoLab/zhangliwen/genome/humandb/hg38_knownGene.txt ... Done with 272352 transcripts (including 151878 without coding sequence annotation) for 100560 unique genes
NOTICE: Processing next batch with 2873 unique variants in 2873 input lines
NOTICE: Reading FASTA sequences from /storage/zhangyanxiaoLab/zhangliwen/genome/humandb/hg38_knownGeneMrna.fa ... Done with 8209 sequences
WARNING: A total of 8646 sequences will be ignored due to lack of correct ORF annotation

NOTICE: Running with system command <coding_change.pl  PT3.knownGene.exonic_variant_function.orig /storage/zhangyanxiaoLab/zhangliwen/genome/humandb//hg38_knownGene.txt /storage/zhangyanxiaoLab/zhangliwen/genome/humandb//hg38_knownGeneMrna.fa -alltranscript -out PT3.knownGene.fa -newevf PT3.knownGene.exonic_variant_function>
-----------------------------------------------------------------
NOTICE: Processing operation=f protocol=clinvar_20170905
NOTICE: Finished reading 5 column headers for '-dbtype clinvar_20170905'

NOTICE: Running system command <annotate_variation.pl -filter -dbtype clinvar_20170905 -buildver hg38 -outfile PT3 PT3.avinput /storage/zhangyanxiaoLab/zhangliwen/genome/humandb/ -otherinfo>
NOTICE: the --dbtype clinvar_20170905 is assumed to be in generic ANNOVAR database format
NOTICE: Output file with variants matching filtering criteria is written to PT3.hg38_clinvar_20170905_dropped, and output file with other variants is written to PT3.hg38_clinvar_20170905_filtered
NOTICE: Processing next batch with 2873 unique variants in 2873 input lines
NOTICE: Database index loaded. Total number of bins is 40044 and the number of bins to be scanned is 528
NOTICE: Scanning filter database /storage/zhangyanxiaoLab/zhangliwen/genome/humandb/hg38_clinvar_20170905.txt...Done
-----------------------------------------------------------------
NOTICE: Multianno output file is written to PT3.hg38_multianno.txt
NOTICE: Reading from PT3.hg38_multianno.txt
-----------------------------------------------------------------
NOTICE: VCF output is written to PT3.hg38_multianno.vcf
